#
# A fatal error has been detected by the Java Runtime Environment:
#
#  Internal Error (deoptimization.cpp:1545), pid=10790, tid=0x00007fa120933700
#  Error: ShouldNotReachHere()
#
# JRE version: OpenJDK Runtime Environment (8.0_112-b15) (build 1.8.0_112-b15)
# Java VM: OpenJDK 64-Bit Server VM (25.112-b15 mixed mode linux-amd64 compressed oops)
# Core dump written. Default location: /home/bold/IdeaProjects/rLite/core or core.10790
#
# If you would like to submit a bug report, please visit:
#   http://bugreport.java.com/bugreport/crash.jsp
#

---------------  T H R E A D  ---------------

Current thread (0x00007fa11800a000):  JavaThread "main" [_thread_in_vm, id=10897, stack(0x00007fa120833000,0x00007fa120934000)]

Stack: [0x00007fa120833000,0x00007fa120934000],  sp=0x00007fa120930538,  free space=1013k
Native frames: (J=compiled Java code, j=interpreted, Vv=VM code, C=native code)
V  [libjvm.so+0xa2cb3b]
V  [libjvm.so+0x4b216f]
V  [libjvm.so+0x4c2b16]
V  [libjvm.so+0x4c6541]
v  blob 0x00007fa109004ef9
j  org.eclipse.sisu.plexus.PlexusXmlBeanModule.configure(Lcom/google/inject/Binder;)Lorg/eclipse/sisu/plexus/PlexusBeanSource;+124
j  org.eclipse.sisu.plexus.PlexusBindingModule.configure(Lcom/google/inject/Binder;)V+37
j  com.google.inject.spi.Elements$RecordingBinder.install(Lcom/google/inject/Module;)V+161
j  com.google.inject.spi.Elements.getElements(Lcom/google/inject/Stage;Ljava/lang/Iterable;)Ljava/util/List;+40
j  com.google.inject.spi.Elements.getElements(Ljava/lang/Iterable;)Ljava/util/List;+4
j  org.eclipse.sisu.wire.WireModule.configure(Lcom/google/inject/Binder;)V+13
j  com.google.inject.spi.Elements$RecordingBinder.install(Lcom/google/inject/Module;)V+161
j  com.google.inject.spi.Elements.getElements(Lcom/google/inject/Stage;Ljava/lang/Iterable;)Ljava/util/List;+40
j  com.google.inject.internal.InjectorShell$Builder.build(Lcom/google/inject/internal/Initializer;Lcom/google/inject/internal/ProcessedBindingData;Lcom/google/inject/internal/util/Stopwatch;Lcom/google/inject/internal/Errors;)Ljava/util/List;+122
j  com.google.inject.internal.InternalInjectorCreator.build()Lcom/google/inject/Injector;+48
j  com.google.inject.Guice.createInjector(Lcom/google/inject/Stage;Ljava/lang/Iterable;)Lcom/google/inject/Injector;+15
j  com.google.inject.Guice.createInjector(Ljava/lang/Iterable;)Lcom/google/inject/Injector;+4
j  com.google.inject.Guice.createInjector([Lcom/google/inject/Module;)Lcom/google/inject/Injector;+4
j  org.codehaus.plexus.DefaultPlexusContainer.addPlexusInjector(Ljava/util/List;[Lcom/google/inject/Module;)Lcom/google/inject/Injector;+88
j  org.codehaus.plexus.DefaultPlexusContainer.discoverComponents(Lorg/codehaus/plexus/classworlds/realm/ClassRealm;[Lcom/google/inject/Module;)Ljava/util/List;+166
j  org.apache.maven.plugin.internal.DefaultMavenPluginManager.discoverPluginComponents(Lorg/codehaus/plexus/classworlds/realm/ClassRealm;Lorg/apache/maven/model/Plugin;Lorg/apache/maven/plugin/descriptor/PluginDescriptor;)V+97
j  org.apache.maven.plugin.internal.DefaultMavenPluginManager.createPluginRealm(Lorg/apache/maven/plugin/descriptor/PluginDescriptor;Lorg/apache/maven/execution/MavenSession;Ljava/lang/ClassLoader;Ljava/util/Map;Lorg/eclipse/aether/graph/DependencyFilter;)V+149
j  org.apache.maven.plugin.internal.DefaultMavenPluginManager.setupPluginRealm(Lorg/apache/maven/plugin/descriptor/PluginDescriptor;Lorg/apache/maven/execution/MavenSession;Ljava/lang/ClassLoader;Ljava/util/List;Lorg/eclipse/aether/graph/DependencyFilter;)V+263
j  org.apache.maven.plugin.DefaultBuildPluginManager.getPluginRealm(Lorg/apache/maven/execution/MavenSession;Lorg/apache/maven/plugin/descriptor/PluginDescriptor;)Lorg/codehaus/plexus/classworlds/realm/ClassRealm;+20
j  org.apache.maven.plugin.DefaultBuildPluginManager.executeMojo(Lorg/apache/maven/execution/MavenSession;Lorg/apache/maven/plugin/MojoExecution;)V+21
j  org.apache.maven.lifecycle.internal.MojoExecutor.execute(Lorg/apache/maven/execution/MavenSession;Lorg/apache/maven/plugin/MojoExecution;Lorg/apache/maven/lifecycle/internal/ProjectIndex;Lorg/apache/maven/lifecycle/internal/DependencyContext;)V+220
j  org.apache.maven.lifecycle.internal.MojoExecutor.execute(Lorg/apache/maven/execution/MavenSession;Lorg/apache/maven/plugin/MojoExecution;Lorg/apache/maven/lifecycle/internal/ProjectIndex;Lorg/apache/maven/lifecycle/internal/DependencyContext;Lorg/apache/maven/lifecycle/internal/PhaseRecorder;)V+6
j  org.apache.maven.lifecycle.internal.MojoExecutor.execute(Lorg/apache/maven/execution/MavenSession;Ljava/util/List;Lorg/apache/maven/lifecycle/internal/ProjectIndex;)V+60
j  org.apache.maven.lifecycle.internal.LifecycleModuleBuilder.buildProject(Lorg/apache/maven/execution/MavenSession;Lorg/apache/maven/execution/MavenSession;Lorg/apache/maven/lifecycle/internal/ReactorContext;Lorg/apache/maven/project/MavenProject;Lorg/apache/maven/lifecycle/internal/TaskSegment;)V+180
j  org.apache.maven.lifecycle.internal.LifecycleModuleBuilder.buildProject(Lorg/apache/maven/execution/MavenSession;Lorg/apache/maven/lifecycle/internal/ReactorContext;Lorg/apache/maven/project/MavenProject;Lorg/apache/maven/lifecycle/internal/TaskSegment;)V+7
j  org.apache.maven.lifecycle.internal.builder.singlethreaded.SingleThreadedBuilder.build(Lorg/apache/maven/execution/MavenSession;Lorg/apache/maven/lifecycle/internal/ReactorContext;Lorg/apache/maven/lifecycle/internal/ProjectBuildList;Ljava/util/List;Lorg/apache/maven/lifecycle/internal/ReactorBuildStatus;)V+77
j  org.apache.maven.lifecycle.internal.LifecycleStarter.execute(Lorg/apache/maven/execution/MavenSession;)V+353
j  org.apache.maven.DefaultMaven.doExecute(Lorg/apache/maven/execution/MavenExecutionRequest;Lorg/apache/maven/execution/MavenSession;Lorg/apache/maven/execution/MavenExecutionResult;Lorg/eclipse/aether/DefaultRepositorySystemSession;)Lorg/apache/maven/execution/MavenExecutionResult;+414
j  org.apache.maven.DefaultMaven.doExecute(Lorg/apache/maven/execution/MavenExecutionRequest;)Lorg/apache/maven/execution/MavenExecutionResult;+99
j  org.apache.maven.DefaultMaven.execute(Lorg/apache/maven/execution/MavenExecutionRequest;)Lorg/apache/maven/execution/MavenExecutionResult;+2
j  org.apache.maven.cli.MavenCli.execute(Lorg/apache/maven/cli/CliRequest;)I+27
j  org.apache.maven.cli.MavenCli.doMain(Lorg/apache/maven/cli/CliRequest;)I+66
j  org.apache.maven.cli.MavenCli.main([Ljava/lang/String;Lorg/codehaus/plexus/classworlds/ClassWorld;)I+18
v  ~StubRoutines::call_stub
V  [libjvm.so+0x644fe3]
V  [libjvm.so+0x905f30]
V  [libjvm.so+0x9077bc]
V  [libjvm.so+0x6899ca]  JVM_InvokeMethod+0x10a
j  sun.reflect.NativeMethodAccessorImpl.invoke0(Ljava/lang/reflect/Method;Ljava/lang/Object;[Ljava/lang/Object;)Ljava/lang/Object;+0
j  sun.reflect.NativeMethodAccessorImpl.invoke(Ljava/lang/Object;[Ljava/lang/Object;)Ljava/lang/Object;+100
j  sun.reflect.DelegatingMethodAccessorImpl.invoke(Ljava/lang/Object;[Ljava/lang/Object;)Ljava/lang/Object;+6
j  java.lang.reflect.Method.invoke(Ljava/lang/Object;[Ljava/lang/Object;)Ljava/lang/Object;+56
j  org.codehaus.plexus.classworlds.launcher.Launcher.launchEnhanced([Ljava/lang/String;)V+45
j  org.codehaus.plexus.classworlds.launcher.Launcher.launch([Ljava/lang/String;)V+2
j  org.codehaus.plexus.classworlds.launcher.Launcher.mainWithExitCode([Ljava/lang/String;)I+101
j  org.codehaus.plexus.classworlds.launcher.Launcher.main([Ljava/lang/String;)V+1
v  ~StubRoutines::call_stub
V  [libjvm.so+0x644fe3]
V  [libjvm.so+0x6613f8]
V  [libjvm.so+0x664a67]
C  [libjli.so+0x331a]
C  [libpthread.so.0+0x7454]  start_thread+0xc4

Java frames: (J=compiled Java code, j=interpreted, Vv=VM code)
v  blob 0x00007fa109004ef9
J 3611 C2 java.util.WeakHashMap.get(Ljava/lang/Object;)Ljava/lang/Object; (77 bytes) @ 0x00007fa109386c14 [0x00007fa1093856c0+0x1554]
C  0x00007fa11c8e8028
C  0x0000000020019330

[error occurred during error reporting (printing Java stack), id 0xb]


---------------  P R O C E S S  ---------------

Java Threads: ( => current thread )
  0x00007fa1180d2800 JavaThread "Service Thread" daemon [_thread_blocked, id=10914, stack(0x00007fa0f991b000,0x00007fa0f9a1c000)]
  0x00007fa1180c7000 JavaThread "C1 CompilerThread3" daemon [_thread_blocked, id=10913, stack(0x00007fa0f9a1c000,0x00007fa0f9b1d000)]
  0x00007fa1180c5000 JavaThread "C2 CompilerThread2" daemon [_thread_in_native, id=10912, stack(0x00007fa0f9b1d000,0x00007fa0f9c1e000)]
  0x00007fa1180c3000 JavaThread "C2 CompilerThread1" daemon [_thread_in_native, id=10911, stack(0x00007fa0f9c1e000,0x00007fa0f9d1f000)]
  0x00007fa1180c0800 JavaThread "C2 CompilerThread0" daemon [_thread_in_vm, id=10910, stack(0x00007fa0f9d1f000,0x00007fa0f9e20000)]
  0x00007fa1180bf000 JavaThread "Signal Dispatcher" daemon [_thread_blocked, id=10909, stack(0x00007fa0f9e20000,0x00007fa0f9f21000)]
  0x00007fa11808b800 JavaThread "Finalizer" daemon [_thread_blocked, id=10908, stack(0x00007fa0fa0b9000,0x00007fa0fa1ba000)]
  0x00007fa118087000 JavaThread "Reference Handler" daemon [_thread_blocked, id=10907, stack(0x00007fa0fa1ba000,0x00007fa0fa2bb000)]
=>0x00007fa11800a000 JavaThread "main" [_thread_in_vm, id=10897, stack(0x00007fa120833000,0x00007fa120934000)]

Other Threads:
  0x00007fa11807f800 VMThread [stack: 0x00007fa0fa2bb000,0x00007fa0fa3bc000] [id=10906]
  0x00007fa1180d4800 WatcherThread [stack: 0x00007fa0f981a000,0x00007fa0f991b000] [id=10915]

VM state:not at safepoint (normal execution)

VM Mutex/Monitor currently owned by a thread: None

Heap:
 PSYoungGen      total 139776K, used 28806K [0x00000000f5580000, 0x0000000100000000, 0x0000000100000000)
  eden space 129024K, 22% used [0x00000000f5580000,0x00000000f71a18d8,0x00000000fd380000)
  from space 10752K, 0% used [0x00000000fd380000,0x00000000fd380000,0x00000000fde00000)
  to   space 10752K, 0% used [0x00000000ff580000,0x00000000ff580000,0x0000000100000000)
 ParOldGen       total 122368K, used 14260K [0x00000000e0000000, 0x00000000e7780000, 0x00000000f5580000)
  object space 122368K, 11% used [0x00000000e0000000,0x00000000e0ded158,0x00000000e7780000)
 Metaspace       used 22120K, capacity 22692K, committed 22960K, reserved 1069056K
  class space    used 2582K, capacity 2791K, committed 2816K, reserved 1048576K

Card table byte_map: [0x00007fa11d407000,0x00007fa11d508000] byte_map_base: 0x00007fa11cd07000

Marking Bits: (ParMarkBitMap*) 0x00007fa11fb53260
 Begin Bits: [0x00007fa108000000, 0x00007fa108800000)
 End Bits:   [0x00007fa108800000, 0x00007fa109000000)

Polling page: 0x00007fa120973000

CodeCache: size=245760Kb used=11684Kb max_used=11702Kb free=234075Kb
 bounds [0x00007fa109000000, 0x00007fa109b70000, 0x00007fa118000000]
 total_blobs=4024 nmethods=3652 adapters=285
 compilation: enabled

Compilation events (10 events):
Event: 2.102 Thread 0x00007fa1180c7000 3653       3       org.codehaus.plexus.util.xml.XmlStreamReader::<init> (6 bytes)
Event: 2.102 Thread 0x00007fa1180c7000 nmethod 3653 0x00007fa109b66210 code [0x00007fa109b66380, 0x00007fa109b66568]
Event: 2.103 Thread 0x00007fa1180c7000 3656       3       java.io.BufferedInputStream::fill (233 bytes)
Event: 2.104 Thread 0x00007fa1180c7000 nmethod 3656 0x00007fa109b69ad0 code [0x00007fa109b69d40, 0x00007fa109b6abf8]
Event: 2.107 Thread 0x00007fa1180c7000 3657       3       org.eclipse.sisu.plexus.ComponentImpl::<init> (53 bytes)
Event: 2.107 Thread 0x00007fa1180c7000 nmethod 3657 0x00007fa109b69450 code [0x00007fa109b695e0, 0x00007fa109b69988]
Event: 2.109 Thread 0x00007fa1180c7000 3658       3       org.eclipse.sisu.plexus.ComponentImpl::hashCode (71 bytes)
Event: 2.109 Thread 0x00007fa1180c7000 nmethod 3658 0x00007fa1093897d0 code [0x00007fa1093899a0, 0x00007fa10938a118]
Event: 2.109 Thread 0x00007fa1180c0800 nmethod 3611 0x00007fa109385410 code [0x00007fa1093856c0, 0x00007fa109387448]
Event: 2.109 Thread 0x00007fa1180c0800 3633       4       java.lang.String::<init> (10 bytes)

GC Heap History (8 events):
Event: 0.668 GC heap before
{Heap before GC invocations=1 (full 0):
 PSYoungGen      total 75264K, used 64512K [0x00000000f5580000, 0x00000000fa980000, 0x0000000100000000)
  eden space 64512K, 100% used [0x00000000f5580000,0x00000000f9480000,0x00000000f9480000)
  from space 10752K, 0% used [0x00000000f9f00000,0x00000000f9f00000,0x00000000fa980000)
  to   space 10752K, 0% used [0x00000000f9480000,0x00000000f9480000,0x00000000f9f00000)
 ParOldGen       total 172032K, used 0K [0x00000000e0000000, 0x00000000ea800000, 0x00000000f5580000)
  object space 172032K, 0% used [0x00000000e0000000,0x00000000e0000000,0x00000000ea800000)
 Metaspace       used 12473K, capacity 12660K, committed 12928K, reserved 1060864K
  class space    used 1553K, capacity 1638K, committed 1664K, reserved 1048576K
Event: 0.682 GC heap after
Heap after GC invocations=1 (full 0):
 PSYoungGen      total 75264K, used 10723K [0x00000000f5580000, 0x00000000fe880000, 0x0000000100000000)
  eden space 64512K, 0% used [0x00000000f5580000,0x00000000f5580000,0x00000000f9480000)
  from space 10752K, 99% used [0x00000000f9480000,0x00000000f9ef8de0,0x00000000f9f00000)
  to   space 10752K, 0% used [0x00000000fde00000,0x00000000fde00000,0x00000000fe880000)
 ParOldGen       total 172032K, used 381K [0x00000000e0000000, 0x00000000ea800000, 0x00000000f5580000)
  object space 172032K, 0% used [0x00000000e0000000,0x00000000e005f5c8,0x00000000ea800000)
 Metaspace       used 12473K, capacity 12660K, committed 12928K, reserved 1060864K
  class space    used 1553K, capacity 1638K, committed 1664K, reserved 1048576K
}
Event: 1.287 GC heap before
{Heap before GC invocations=2 (full 0):
 PSYoungGen      total 75264K, used 75235K [0x00000000f5580000, 0x00000000fe880000, 0x0000000100000000)
  eden space 64512K, 100% used [0x00000000f5580000,0x00000000f9480000,0x00000000f9480000)
  from space 10752K, 99% used [0x00000000f9480000,0x00000000f9ef8de0,0x00000000f9f00000)
  to   space 10752K, 0% used [0x00000000fde00000,0x00000000fde00000,0x00000000fe880000)
 ParOldGen       total 172032K, used 381K [0x00000000e0000000, 0x00000000ea800000, 0x00000000f5580000)
  object space 172032K, 0% used [0x00000000e0000000,0x00000000e005f5c8,0x00000000ea800000)
 Metaspace       used 16252K, capacity 16624K, committed 16768K, reserved 1064960K
  class space    used 1926K, capacity 2092K, committed 2176K, reserved 1048576K
Event: 1.299 GC heap after
Heap after GC invocations=2 (full 0):
 PSYoungGen      total 139776K, used 10014K [0x00000000f5580000, 0x00000000fe880000, 0x0000000100000000)
  eden space 129024K, 0% used [0x00000000f5580000,0x00000000f5580000,0x00000000fd380000)
  from space 10752K, 93% used [0x00000000fde00000,0x00000000fe7c79d8,0x00000000fe880000)
  to   space 10752K, 0% used [0x00000000fd380000,0x00000000fd380000,0x00000000fde00000)
 ParOldGen       total 172032K, used 389K [0x00000000e0000000, 0x00000000ea800000, 0x00000000f5580000)
  object space 172032K, 0% used [0x00000000e0000000,0x00000000e00615c8,0x00000000ea800000)
 Metaspace       used 16252K, capacity 16624K, committed 16768K, reserved 1064960K
  class space    used 1926K, capacity 2092K, committed 2176K, reserved 1048576K
}
Event: 1.737 GC heap before
{Heap before GC invocations=3 (full 0):
 PSYoungGen      total 139776K, used 59337K [0x00000000f5580000, 0x00000000fe880000, 0x0000000100000000)
  eden space 129024K, 38% used [0x00000000f5580000,0x00000000f85aaab8,0x00000000fd380000)
  from space 10752K, 93% used [0x00000000fde00000,0x00000000fe7c79d8,0x00000000fe880000)
  to   space 10752K, 0% used [0x00000000fd380000,0x00000000fd380000,0x00000000fde00000)
 ParOldGen       total 172032K, used 389K [0x00000000e0000000, 0x00000000ea800000, 0x00000000f5580000)
  object space 172032K, 0% used [0x00000000e0000000,0x00000000e00615c8,0x00000000ea800000)
 Metaspace       used 20763K, capacity 21204K, committed 21296K, reserved 1069056K
  class space    used 2476K, capacity 2684K, committed 2688K, reserved 1048576K
Event: 1.751 GC heap after
Heap after GC invocations=3 (full 0):
 PSYoungGen      total 139776K, used 10727K [0x00000000f5580000, 0x0000000100000000, 0x0000000100000000)
  eden space 129024K, 0% used [0x00000000f5580000,0x00000000f5580000,0x00000000fd380000)
  from space 10752K, 99% used [0x00000000fd380000,0x00000000fddf9d70,0x00000000fde00000)
  to   space 10752K, 0% used [0x00000000ff580000,0x00000000ff580000,0x0000000100000000)
 ParOldGen       total 172032K, used 4083K [0x00000000e0000000, 0x00000000ea800000, 0x00000000f5580000)
  object space 172032K, 2% used [0x00000000e0000000,0x00000000e03fce78,0x00000000ea800000)
 Metaspace       used 20763K, capacity 21204K, committed 21296K, reserved 1069056K
  class space    used 2476K, capacity 2684K, committed 2688K, reserved 1048576K
}
Event: 1.751 GC heap before
{Heap before GC invocations=4 (full 1):
 PSYoungGen      total 139776K, used 10727K [0x00000000f5580000, 0x0000000100000000, 0x0000000100000000)
  eden space 129024K, 0% used [0x00000000f5580000,0x00000000f5580000,0x00000000fd380000)
  from space 10752K, 99% used [0x00000000fd380000,0x00000000fddf9d70,0x00000000fde00000)
  to   space 10752K, 0% used [0x00000000ff580000,0x00000000ff580000,0x0000000100000000)
 ParOldGen       total 172032K, used 4083K [0x00000000e0000000, 0x00000000ea800000, 0x00000000f5580000)
  object space 172032K, 2% used [0x00000000e0000000,0x00000000e03fce78,0x00000000ea800000)
 Metaspace       used 20763K, capacity 21204K, committed 21296K, reserved 1069056K
  class space    used 2476K, capacity 2684K, committed 2688K, reserved 1048576K
Event: 1.814 GC heap after
Heap after GC invocations=4 (full 1):
 PSYoungGen      total 139776K, used 0K [0x00000000f5580000, 0x0000000100000000, 0x0000000100000000)
  eden space 129024K, 0% used [0x00000000f5580000,0x00000000f5580000,0x00000000fd380000)
  from space 10752K, 0% used [0x00000000fd380000,0x00000000fd380000,0x00000000fde00000)
  to   space 10752K, 0% used [0x00000000ff580000,0x00000000ff580000,0x0000000100000000)
 ParOldGen       total 122368K, used 14260K [0x00000000e0000000, 0x00000000e7780000, 0x00000000f5580000)
  object space 122368K, 11% used [0x00000000e0000000,0x00000000e0ded158,0x00000000e7780000)
 Metaspace       used 20763K, capacity 21204K, committed 21296K, reserved 1069056K
  class space    used 2476K, capacity 2684K, committed 2688K, reserved 1048576K
}

Deoptimization events (10 events):
Event: 1.980 Thread 0x00007fa11800a000 Uncommon trap: reason=class_check action=maybe_recompile pc=0x00007fa1095c0680 method=java.util.regex.Pattern$CharProperty$1.isSatisfiedBy(I)Z @ 5
Event: 1.980 Thread 0x00007fa11800a000 Uncommon trap: reason=class_check action=maybe_recompile pc=0x00007fa1095c066c method=java.util.regex.Pattern$7.isSatisfiedBy(I)Z @ 16
Event: 1.980 Thread 0x00007fa11800a000 Uncommon trap: reason=class_check action=maybe_recompile pc=0x00007fa1095c066c method=java.util.regex.Pattern$7.isSatisfiedBy(I)Z @ 16
Event: 1.980 Thread 0x00007fa11800a000 Uncommon trap: reason=class_check action=maybe_recompile pc=0x00007fa109598bf4 method=java.util.regex.Pattern$CharProperty$1.isSatisfiedBy(I)Z @ 5
Event: 1.980 Thread 0x00007fa11800a000 Uncommon trap: reason=class_check action=maybe_recompile pc=0x00007fa109598bf4 method=java.util.regex.Pattern$CharProperty$1.isSatisfiedBy(I)Z @ 5
Event: 1.980 Thread 0x00007fa11800a000 Uncommon trap: reason=class_check action=maybe_recompile pc=0x00007fa109598bf4 method=java.util.regex.Pattern$CharProperty$1.isSatisfiedBy(I)Z @ 5
Event: 1.991 Thread 0x00007fa11800a000 Uncommon trap: reason=unstable_if action=reinterpret pc=0x00007fa1092e2d60 method=sun.nio.cs.UTF_8$Decoder.decode([BII[C)I @ 30
Event: 2.008 Thread 0x00007fa11800a000 Uncommon trap: reason=unstable_if action=reinterpret pc=0x00007fa10998041c method=org.apache.maven.model.interpolation.UrlNormalizingPostProcessor.execute(Ljava/lang/String;Ljava/lang/Object;)Ljava/lang/Object; @ 13
Event: 2.008 Thread 0x00007fa11800a000 Uncommon trap: reason=class_check action=maybe_recompile pc=0x00007fa1096fe798 method=org.apache.maven.model.interpolation.StringSearchModelInterpolator$InterpolateObjectAction$MapField.doInterpolate(Ljava/lang/Object;Lorg/apache/maven/model/interpolation
Event: 2.110 Thread 0x00007fa11800a000 Uncommon trap: reason=unloaded action=action7 pc=0x00007fa109386c14 method=java.util.HashMap$HashIterator.<init>(Ljava/util/HashMap;)V @ 54

Internal exceptions (10 events):
Event: 1.103 Thread 0x00007fa11800a000 Exception <a 'java/lang/NullPointerException'> (0x00000000f7d57f90) thrown at [/build/java8-openjdk/src/jdk8u-jdk8u112-b15/hotspot/src/share/vm/interpreter/linkResolver.cpp, line 1178]
Event: 1.103 Thread 0x00007fa11800a000 Exception <a 'java/lang/NullPointerException'> (0x00000000f7d58390) thrown at [/build/java8-openjdk/src/jdk8u-jdk8u112-b15/hotspot/src/share/vm/interpreter/linkResolver.cpp, line 1178]
Event: 1.103 Thread 0x00007fa11800a000 Exception <a 'java/lang/NullPointerException'> (0x00000000f7d5a410) thrown at [/build/java8-openjdk/src/jdk8u-jdk8u112-b15/hotspot/src/share/vm/interpreter/linkResolver.cpp, line 1178]
Event: 1.103 Thread 0x00007fa11800a000 Exception <a 'java/lang/NullPointerException'> (0x00000000f7d5a810) thrown at [/build/java8-openjdk/src/jdk8u-jdk8u112-b15/hotspot/src/share/vm/interpreter/linkResolver.cpp, line 1178]
Event: 1.103 Thread 0x00007fa11800a000 Exception <a 'java/lang/NullPointerException'> (0x00000000f7d5ac10) thrown at [/build/java8-openjdk/src/jdk8u-jdk8u112-b15/hotspot/src/share/vm/interpreter/linkResolver.cpp, line 1178]
Event: 1.484 Thread 0x00007fa11800a000 Exception <a 'java/lang/ClassNotFoundException': com/sun/tools/javac/api/JavacTool> (0x00000000f6e64fa0) thrown at [/build/java8-openjdk/src/jdk8u-jdk8u112-b15/hotspot/src/share/vm/classfile/systemDictionary.cpp, line 210]
Event: 1.714 Thread 0x00007fa11800a000 Exception <a 'java/io/FileNotFoundException'> (0x00000000f8027188) thrown at [/build/java8-openjdk/src/jdk8u-jdk8u112-b15/hotspot/src/share/vm/prims/jni.cpp, line 709]
Event: 1.716 Thread 0x00007fa11800a000 Exception <a 'java/io/FileNotFoundException'> (0x00000000f804c178) thrown at [/build/java8-openjdk/src/jdk8u-jdk8u112-b15/hotspot/src/share/vm/prims/jni.cpp, line 709]
Event: 1.716 Thread 0x00007fa11800a000 Exception <a 'java/io/FileNotFoundException'> (0x00000000f804cce8) thrown at [/build/java8-openjdk/src/jdk8u-jdk8u112-b15/hotspot/src/share/vm/prims/jni.cpp, line 709]
Event: 2.058 Thread 0x00007fa11800a000 Exception <a 'java/lang/NoSuchMethodError': org.apache.maven.execution.MavenExecutionRequest.getFailureBehavior()Ljava/lang/String;> (0x00000000f6a251d0) thrown at [/build/java8-openjdk/src/jdk8u-jdk8u112-b15/hotspot/src/share/vm/interpreter/linkResolver.

Events (10 events):
Event: 2.106 loading class org/codehaus/plexus/components/io/resources/PlexusIoResourceCollection done
Event: 2.106 loading class org/codehaus/plexus/components/io/resources/PlexusIoResourceCollection
Event: 2.106 loading class org/codehaus/plexus/components/io/resources/PlexusIoResourceCollection done
Event: 2.107 loading class org/codehaus/plexus/components/io/filemappers/FileMapper
Event: 2.107 loading class org/codehaus/plexus/components/io/filemappers/FileMapper done
Event: 2.107 loading class org/codehaus/plexus/components/io/filemappers/FileMapper
Event: 2.107 loading class org/codehaus/plexus/components/io/filemappers/FileMapper done
Event: 2.108 loading class org/codehaus/plexus/components/io/filemappers/FileMapper
Event: 2.108 loading class org/codehaus/plexus/components/io/filemappers/FileMapper done
Event: 2.110 Thread 0x00007fa11800a000 Uncommon trap: trap_request=0xf710b2b8 fr.pc=0x00007fa109386c14


Dynamic libraries:
00400000-00401000 r-xp 00000000 08:02 571902                             /usr/lib/jvm/java-8-openjdk/jre/bin/java
00600000-00601000 r--p 00000000 08:02 571902                             /usr/lib/jvm/java-8-openjdk/jre/bin/java
00601000-00602000 rw-p 00001000 08:02 571902                             /usr/lib/jvm/java-8-openjdk/jre/bin/java
01d7b000-01d9c000 rw-p 00000000 00:00 0                                  [heap]
e0000000-e7780000 rw-p 00000000 00:00 0 
e7780000-f5580000 ---p 00000000 00:00 0 
f5580000-100000000 rw-p 00000000 00:00 0 
100000000-1002c0000 rw-p 00000000 00:00 0 
1002c0000-140000000 ---p 00000000 00:00 0 
7fa0b4000000-7fa0b4021000 rw-p 00000000 00:00 0 
7fa0b4021000-7fa0b8000000 ---p 00000000 00:00 0 
7fa0b8000000-7fa0b8021000 rw-p 00000000 00:00 0 
7fa0b8021000-7fa0bc000000 ---p 00000000 00:00 0 
7fa0bc000000-7fa0bd4cb000 rw-p 00000000 00:00 0 
7fa0bd4cb000-7fa0c0000000 ---p 00000000 00:00 0 
7fa0c0000000-7fa0c103b000 rw-p 00000000 00:00 0 
7fa0c103b000-7fa0c4000000 ---p 00000000 00:00 0 
7fa0c4000000-7fa0c5984000 rw-p 00000000 00:00 0 
7fa0c5984000-7fa0c8000000 ---p 00000000 00:00 0 
7fa0c8000000-7fa0c94f2000 rw-p 00000000 00:00 0 
7fa0c94f2000-7fa0cc000000 ---p 00000000 00:00 0 
7fa0cc000000-7fa0cc021000 rw-p 00000000 00:00 0 
7fa0cc021000-7fa0d0000000 ---p 00000000 00:00 0 
7fa0d0000000-7fa0d0021000 rw-p 00000000 00:00 0 
7fa0d0021000-7fa0d4000000 ---p 00000000 00:00 0 
7fa0d4000000-7fa0d4023000 rw-p 00000000 00:00 0 
7fa0d4023000-7fa0d8000000 ---p 00000000 00:00 0 
7fa0d8000000-7fa0d8021000 rw-p 00000000 00:00 0 
7fa0d8021000-7fa0dc000000 ---p 00000000 00:00 0 
7fa0dc000000-7fa0dc021000 rw-p 00000000 00:00 0 
7fa0dc021000-7fa0e0000000 ---p 00000000 00:00 0 
7fa0e0000000-7fa0e0021000 rw-p 00000000 00:00 0 
7fa0e0021000-7fa0e4000000 ---p 00000000 00:00 0 
7fa0e4000000-7fa0e4021000 rw-p 00000000 00:00 0 
7fa0e4021000-7fa0e8000000 ---p 00000000 00:00 0 
7fa0ec000000-7fa0ec021000 rw-p 00000000 00:00 0 
7fa0ec021000-7fa0f0000000 ---p 00000000 00:00 0 
7fa0f4000000-7fa0f4021000 rw-p 00000000 00:00 0 
7fa0f4021000-7fa0f8000000 ---p 00000000 00:00 0 
7fa0f84e6000-7fa0f8692000 rw-p 00000000 00:00 0 
7fa0f8692000-7fa0f86e6000 ---p 00000000 00:00 0 
7fa0f86e6000-7fa0f86e8000 r--s 0000d000 08:04 1835699                    /home/bold/.m2/repository/org/codehaus/plexus/plexus-interpolation/1.13/plexus-interpolation-1.13.jar
7fa0f86e8000-7fa0f86e9000 r--s 00001000 08:04 1835697                    /home/bold/.m2/repository/org/sonatype/plexus/plexus-build-api/0.0.4/plexus-build-api-0.0.4.jar
7fa0f86e9000-7fa0f86eb000 r--s 00009000 08:04 1835695                    /home/bold/.m2/repository/org/apache/maven/shared/maven-filtering/1.1/maven-filtering-1.1.jar
7fa0f86eb000-7fa0f86ef000 r--s 00033000 08:04 1835693                    /home/bold/.m2/repository/org/codehaus/plexus/plexus-utils/2.0.5/plexus-utils-2.0.5.jar
7fa0f86ef000-7fa0f86f1000 r--s 00002000 08:04 1835677                    /home/bold/.m2/repository/org/codehaus/plexus/plexus-interactivity-api/1.0-alpha-4/plexus-interactivity-api-1.0-alpha-4.jar
7fa0f86f1000-7fa0f86f3000 r--s 00006000 08:04 1835673                    /home/bold/.m2/repository/commons-cli/commons-cli/1.0/commons-cli-1.0.jar
7fa0f86f3000-7fa0f86f4000 r--s 00001000 08:04 1835667                    /home/bold/.m2/repository/org/apache/maven/doxia/doxia-sink-api/1.0-alpha-7/doxia-sink-api-1.0-alpha-7.jar
7fa0f86f4000-7fa0f86f5000 r--s 00002000 08:04 1835665                    /home/bold/.m2/repository/org/apache/maven/reporting/maven-reporting-api/2.0.6/maven-reporting-api-2.0.6.jar
7fa0f86f5000-7fa0f88f5000 rw-p 00000000 00:00 0 
7fa0f88f5000-7fa0f88f7000 r--s 00006000 08:04 1834834                    /home/bold/.m2/repository/org/apache/maven/plugins/maven-resources-plugin/2.6/maven-resources-plugin-2.6.jar
7fa0f8977000-7fa0f897b000 r--s 00034000 08:04 1968788                    /home/bold/.m2/repository/org/codehaus/plexus/plexus-utils/3.0/plexus-utils-3.0.jar
7fa0f897b000-7fa0f897f000 r--s 0002f000 08:04 2101614                    /home/bold/.m2/repository/commons-lang/commons-lang/2.1/commons-lang-2.1.jar
7fa0f897f000-7fa0f8982000 r--s 0000c000 08:04 2231499                    /home/bold/.m2/repository/org/codehaus/plexus/plexus-io/2.0.2/plexus-io-2.0.2.jar
7fa0f8982000-7fa0f8987000 r--s 00029000 08:04 2231497                    /home/bold/.m2/repository/org/codehaus/plexus/plexus-archiver/2.1/plexus-archiver-2.1.jar
7fa0f8987000-7fa0f8989000 r--s 0000d000 08:04 1839332                    /home/bold/.m2/repository/org/codehaus/plexus/plexus-interpolation/1.15/plexus-interpolation-1.15.jar
7fa0f8989000-7fa0f898b000 r--s 00004000 08:04 2101612                    /home/bold/.m2/repository/org/apache/maven/maven-archiver/2.5/maven-archiver-2.5.jar
7fa0f898b000-7fa0f898d000 r--s 00007000 08:04 1834852                    /home/bold/.m2/repository/org/apache/maven/plugins/maven-jar-plugin/2.4/maven-jar-plugin-2.4.jar
7fa0f898d000-7fa0f898f000 r--s 00002000 08:04 1839182                    /home/bold/.m2/repository/org/apache/maven/plugin-tools/maven-plugin-annotations/3.3/maven-plugin-annotations-3.3.jar
7fa0f898f000-7fa0f8994000 r--s 0002b000 08:04 1839180                    /home/bold/.m2/repository/org/apache/maven/surefire/surefire-api/2.19/surefire-api-2.19.jar
7fa0f8994000-7fa0f899a000 r--s 00048000 08:04 1839179                    /home/bold/.m2/repository/org/apache/commons/commons-lang3/3.1/commons-lang3-3.1.jar
7fa0f899a000-7fa0f899c000 r--s 00002000 08:04 1835484                    /home/bold/.m2/repository/org/sonatype/plexus/plexus-cipher/1.4/plexus-cipher-1.4.jar
7fa0f899c000-7fa0f899d000 r--s 00006000 08:04 1835482                    /home/bold/.m2/repository/org/sonatype/plexus/plexus-sec-dispatcher/1.3/plexus-sec-dispatcher-1.3.jar
7fa0f899d000-7fa0f899e000 r--s 00002000 08:04 1839171                    /home/bold/.m2/repository/org/apache/maven/reporting/maven-reporting-api/3.0/maven-reporting-api-3.0.jar
7fa0f899e000-7fa0f89a0000 r--s 00003000 08:04 1839168                    /home/bold/.m2/repository/org/slf4j/jcl-over-slf4j/1.5.6/jcl-over-slf4j-1.5.6.jar
7fa0f89a0000-7fa0f89a2000 r--s 00001000 08:04 1839165                    /home/bold/.m2/repository/org/slf4j/slf4j-jdk14/1.5.6/slf4j-jdk14-1.5.6.jar
7fa0f89a2000-7fa0f89a4000 r--s 0000b000 08:04 1839156                    /home/bold/.m2/repository/org/codehaus/plexus/plexus-interpolation/1.11/plexus-interpolation-1.11.jar
7fa0f89a4000-7fa0f89ac000 r--s 00049000 08:04 1839154                    /home/bold/.m2/repository/backport-util-concurrent/backport-util-concurrent/3.1/backport-util-concurrent-3.1.jar
7fa0f89ac000-7fa0f89ae000 r--s 00009000 08:04 1834493                    /home/bold/.m2/repository/org/hamcrest/hamcrest-core/1.3/hamcrest-core-1.3.jar
7fa0f89ae000-7fa0f89b6000 r--s 00045000 08:04 1834494                    /home/bold/.m2/repository/junit/junit/4.12/junit-4.12.jar
7fa0f89b6000-7fa0f89ba000 r--s 00034000 08:04 1839140                    /home/bold/.m2/repository/org/codehaus/plexus/plexus-utils/1.5.15/plexus-utils-1.5.15.jar
7fa0f89ba000-7fa0f89bc000 r--s 00009000 08:04 1839133                    /home/bold/.m2/repository/org/apache/maven/surefire/surefire-booter/2.19/surefire-booter-2.19.jar
7fa0f89bc000-7fa0f89c2000 r--s 00042000 08:04 1839135                    /home/bold/.m2/repository/org/apache/maven/surefire/maven-surefire-common/2.19/maven-surefire-common-2.19.jar
7fa0f89c2000-7fa0f89c4000 r--s 00008000 08:04 1839074                    /home/bold/.m2/repository/org/apache/maven/plugins/maven-surefire-plugin/2.19/maven-surefire-plugin-2.19.jar
7fa0f89c4000-7fa0f8bc4000 rw-p 00000000 00:00 0 
7fa0f8bc4000-7fa0f8c3c000 r--s 010ee000 08:02 577944                     /usr/lib/jvm/java-8-openjdk/lib/tools.jar
7fa0f8c3c000-7fa0f8c3f000 r--s 0001b000 08:04 2231661                    /home/bold/.m2/repository/junit/junit/3.8.2/junit-3.8.2.jar
7fa0f8c3f000-7fa0f8c4d000 r--s 0008f000 08:04 2231659                    /home/bold/.m2/repository/com/google/collections/google-collections/1.0/google-collections-1.0.jar
7fa0f8c4d000-7fa0f8c4e000 r--s 0000a000 08:04 2231657                    /home/bold/.m2/repository/commons-logging/commons-logging-api/1.1/commons-logging-api-1.1.jar
7fa0f8c4e000-7fa0f8c55000 r--s 00051000 08:04 2101623                    /home/bold/.m2/repository/log4j/log4j/1.2.12/log4j-1.2.12.jar
7fa0f8c55000-7fa0f8c59000 r--s 0001d000 08:04 2231655                    /home/bold/.m2/repository/org/apache/xbean/xbean-reflect/3.4/xbean-reflect-3.4.jar
7fa0f8c59000-7fa0f8c5a000 r--s 00004000 08:04 2231651                    /home/bold/.m2/repository/org/codehaus/plexus/plexus-compiler-javac/2.2/plexus-compiler-javac-2.2.jar
7fa0f8c5a000-7fa0f8c5c000 r--s 00000000 08:04 2231649                    /home/bold/.m2/repository/org/codehaus/plexus/plexus-compiler-manager/2.2/plexus-compiler-manager-2.2.jar
7fa0f8c5c000-7fa0f8c5e000 r--s 00005000 08:04 2231645                    /home/bold/.m2/repository/org/codehaus/plexus/plexus-compiler-api/2.2/plexus-compiler-api-2.2.jar
7fa0f8c5e000-7fa0f8c60000 r--s 00000000 08:04 1835480                    /home/bold/.m2/repository/org/codehaus/plexus/plexus-component-annotations/1.5.5/plexus-component-annotations-1.5.5.jar
7fa0f8c60000-7fa0f8c62000 r--s 00002000 08:04 1835494                    /home/bold/.m2/repository/org/apache/maven/shared/maven-shared-incremental/1.1/maven-shared-incremental-1.1.jar
7fa0f8c62000-7fa0f8c64000 r--s 00006000 08:04 1835492                    /home/bold/.m2/repository/com/google/code/findbugs/jsr305/2.0.1/jsr305-2.0.1.jar
7fa0f8c64000-7fa0f8c67000 r--s 00023000 08:04 1839347                    /home/bold/.m2/repository/org/apache/maven/shared/maven-shared-utils/0.1/maven-shared-utils-0.1.jar
7fa0f8c67000-7fa0f8c6b000 r--s 00030000 08:04 2231621                    /home/bold/.m2/repository/org/codehaus/plexus/plexus-utils/1.5.1/plexus-utils-1.5.1.jar
7fa0f8c6b000-7fa0f8c6d000 r--s 00009000 08:04 1839338                    /home/bold/.m2/repository/org/apache/maven/plugins/maven-compiler-plugin/3.1/maven-compiler-plugin-3.1.jar
7fa0f8c6d000-7fa0f8c6e000 r--s 00002000 08:04 1968817                    /home/bold/.m2/repository/org/codehaus/plexus/plexus-digest/1.0/plexus-digest-1.0.jar
7fa0f8c6e000-7fa0f8c72000 r--s 00035000 08:04 1968815                    /home/bold/.m2/repository/org/codehaus/plexus/plexus-utils/3.0.5/plexus-utils-3.0.5.jar
7fa0f8c72000-7fa0f8c75000 r--s 0001b000 08:04 1835691                    /home/bold/.m2/repository/junit/junit/3.8.1/junit-3.8.1.jar
7fa0f8c75000-7fa0f8c76000 r--s 00006000 08:04 1834858                    /home/bold/.m2/repository/org/apache/maven/plugins/maven-install-plugin/2.4/maven-install-plugin-2.4.jar
7fa0f8c76000-7fa0f8c77000 r--s 00002000 08:04 1838683                    /home/bold/.m2/repository/org/codehaus/plexus/plexus-interactivity-api/1.0-alpha-6/plexus-interactivity-api-1.0-alpha-6.jar
7fa0f8c77000-7fa0f8c79000 r--s 00005000 08:04 1838679                    /home/bold/.m2/repository/org/apache/maven/wagon/wagon-ssh-common/2.10/wagon-ssh-common-2.10.jar
7fa0f8c79000-7fa0f8c7d000 r--s 00037000 08:04 1838660                    /home/bold/.m2/repository/org/codehaus/plexus/plexus-utils/3.0.15/plexus-utils-3.0.15.jar
7fa0f8c7d000-7fa0f8c7f000 r--s 00000000 08:04 1838653                    /home/bold/.m2/repository/com/jcraft/jsch.agentproxy.jsch/0.0.6/jsch.agentproxy.jsch-0.0.6.jar
7fa0f8c7f000-7fa0f8c80000 r--s 00001000 08:04 1838674                    /home/bold/.m2/repository/com/jcraft/jsch.agentproxy.pageant/0.0.6/jsch.agentproxy.pageant-0.0.6.jar
7fa0f8c80000-7fa0f8c82000 r--s 00000000 08:04 1838672                    /home/bold/.m2/repository/com/jcraft/jsch.agentproxy.sshagent/0.0.6/jsch.agentproxy.sshagent-0.0.6.jar
7fa0f8c82000-7fa0f8c83000 r--s 00001000 08:04 1838657                    /home/bold/.m2/repository/com/jcraft/jsch.agentproxy.usocket-nc/0.0.6/jsch.agentproxy.usocket-nc-0.0.6.jar
7fa0f8c83000-7fa0f8c8e000 r--s 000d5000 08:04 1838667                    /home/bold/.m2/repository/net/java/dev/jna/platform/3.4.0/platform-3.4.0.jar
7fa0f8c8e000-7fa0f8c92000 r--s 000f3000 08:04 1838666                    /home/bold/.m2/repository/net/java/dev/jna/jna/3.4.0/jna-3.4.0.jar
7fa0f8c92000-7fa0f8c93000 r--s 00001000 08:04 1838659                    /home/bold/.m2/repository/com/jcraft/jsch.agentproxy.usocket-jna/0.0.6/jsch.agentproxy.usocket-jna-0.0.6.jar
7fa0f8c93000-7fa0f8c95000 r--s 00001000 08:04 1838677                    /home/bold/.m2/repository/com/jcraft/jsch.agentproxy.core/0.0.6/jsch.agentproxy.core-0.0.6.jar
7fa0f8c95000-7fa0f8c96000 r--s 00002000 08:04 1838661                    /home/bold/.m2/repository/com/jcraft/jsch.agentproxy.connector-factory/0.0.6/jsch.agentproxy.connector-factory-0.0.6.jar
7fa0f8c96000-7fa0f8c9a000 r--s 0003b000 08:04 1838655                    /home/bold/.m2/repository/com/jcraft/jsch/0.1.50/jsch-0.1.50.jar
7fa0f8c9a000-7fa0f8c9c000 r--s 00006000 08:04 1838654                    /home/bold/.m2/repository/org/apache/maven/wagon/wagon-ssh/2.10/wagon-ssh-2.10.jar
7fa0f8c9c000-7fa0f8cad000 r-xp 00000000 08:02 571963                     /usr/lib/jvm/java-8-openjdk/jre/lib/amd64/libnio.so
7fa0f8cad000-7fa0f8eac000 ---p 00011000 08:02 571963                     /usr/lib/jvm/java-8-openjdk/jre/lib/amd64/libnio.so
7fa0f8eac000-7fa0f8ead000 r--p 00010000 08:02 571963                     /usr/lib/jvm/java-8-openjdk/jre/lib/amd64/libnio.so
7fa0f8ead000-7fa0f8eae000 rw-p 00011000 08:02 571963                     /usr/lib/jvm/java-8-openjdk/jre/lib/amd64/libnio.so
7fa0f8eae000-7fa0f8ec4000 r-xp 00000000 08:02 572082                     /usr/lib/jvm/java-8-openjdk/jre/lib/amd64/libnet.so
7fa0f8ec4000-7fa0f90c3000 ---p 00016000 08:02 572082                     /usr/lib/jvm/java-8-openjdk/jre/lib/amd64/libnet.so
7fa0f90c3000-7fa0f90c4000 r--p 00015000 08:02 572082                     /usr/lib/jvm/java-8-openjdk/jre/lib/amd64/libnet.so
7fa0f90c4000-7fa0f90c5000 rw-p 00016000 08:02 572082                     /usr/lib/jvm/java-8-openjdk/jre/lib/amd64/libnet.so
7fa0f90c5000-7fa0f92c5000 rw-p 00000000 00:00 0 
7fa0f92c5000-7fa0f92ca000 r--s 00098000 08:02 571916                     /usr/lib/jvm/java-8-openjdk/jre/lib/jsse.jar
7fa0f92ca000-7fa0f94ca000 rw-p 00000000 00:00 0 
7fa0f94ca000-7fa0f96ca000 rw-p 00000000 00:00 0 
7fa0f96ca000-7fa0f96d0000 r--s 0002d000 08:02 141593                     /opt/maven/lib/org.eclipse.sisu.plexus-0.3.2.jar
7fa0f96d0000-7fa0f96d2000 r--s 00009000 08:02 141585                     /opt/maven/lib/commons-cli-1.2.jar
7fa0f96d2000-7fa0f96d3000 r--s 0000a000 08:02 141539                     /opt/maven/lib/maven-settings-3.3.9.jar
7fa0f96d3000-7fa0f96d9000 r--s 00042000 08:02 141586                     /opt/maven/lib/jsoup-1.7.2.jar
7fa0f96d9000-7fa0f96e0000 r--s 00064000 08:02 141592                     /opt/maven/lib/commons-lang3-3.4.jar
7fa0f96e0000-7fa0f96e3000 r--s 0000d000 08:02 141598                     /opt/maven/lib/plexus-interpolation-1.21.jar
7fa0f96e3000-7fa0f96e5000 r--s 00006000 08:02 141531                     /opt/maven/lib/aether-spi-1.0.2.v20150114.jar
7fa0f96e5000-7fa0f96e6000 r--s 00002000 08:02 141563                     /opt/maven/lib/wagon-http-shared-2.10.jar
7fa0f96e6000-7fa0f96e8000 r--s 00009000 08:02 141564                     /opt/maven/lib/maven-settings-builder-3.3.9.jar
7fa0f96e8000-7fa0f96ea000 r--s 00002000 08:02 141597                     /opt/maven/lib/plexus-cipher-1.7.jar
7fa0f96ea000-7fa0f96ec000 r--s 0000f000 08:02 141599                     /opt/maven/lib/maven-aether-provider-3.3.9.jar
7fa0f96ec000-7fa0f96ee000 r--s 00000000 08:02 141558                     /opt/maven/lib/aopalliance-1.0.jar
7fa0f96ee000-7fa0f96f3000 r--s 00027000 08:02 141602                     /opt/maven/lib/maven-model-builder-3.3.9.jar
7fa0f96f3000-7fa0f96f6000 r--s 00013000 08:02 141544                     /opt/maven/lib/maven-embedder-3.3.9.jar
7fa0f96f6000-7fa0f96f7000 r--s 00006000 08:02 141543                     /opt/maven/lib/plexus-sec-dispatcher-1.3.jar
7fa0f96f7000-7fa0f96fa000 r--s 0000b000 08:02 141569                     /opt/maven/lib/wagon-provider-api-2.10.jar
7fa0f96fa000-7fa0f96fd000 r--s 00026000 08:02 141594                     /opt/maven/lib/maven-model-3.3.9.jar
7fa0f96fd000-7fa0f96fe000 r--s 00003000 08:02 141573                     /opt/maven/lib/maven-builder-support-3.3.9.jar
7fa0f96fe000-7fa0f9700000 r--s 0000a000 08:02 141552                     /opt/maven/lib/maven-plugin-api-3.3.9.jar
7fa0f9700000-7fa0f9705000 r--s 0001d000 08:02 141547                     /opt/maven/lib/aether-api-1.0.2.v20150114.jar
7fa0f9705000-7fa0f9709000 r--s 00038000 08:02 141540                     /opt/maven/lib/plexus-utils-3.0.22.jar
7fa0f9709000-7fa0f970d000 r--s 00020000 08:02 141572                     /opt/maven/lib/aether-util-1.0.2.v20150114.jar
7fa0f970d000-7fa0f9715000 r--s 00055000 08:02 141566                     /opt/maven/lib/org.eclipse.sisu.inject-0.3.2.jar
7fa0f9715000-7fa0f971e000 r--s 0005f000 08:02 141538                     /opt/maven/lib/guice-4.0-no_aop.jar
7fa0f971e000-7fa0f972b000 r--s 0008f000 08:02 141587                     /opt/maven/lib/maven-core-3.3.9.jar
7fa0f972b000-7fa0f9759000 r--s 001fa000 08:02 141545                     /opt/maven/lib/wagon-http-2.10-shaded.jar
7fa0f9759000-7fa0f9784000 r--s 001fc000 08:02 141600                     /opt/maven/lib/guava-18.0.jar
7fa0f9784000-7fa0f981a000 r--s 008d5000 08:02 584343                     /usr/lib/jvm/java-8-openjdk/jre/lib/ext/jfxrt.jar
7fa0f981a000-7fa0f981b000 ---p 00000000 00:00 0 
7fa0f981b000-7fa0f991b000 rw-p 00000000 00:00 0 
7fa0f991b000-7fa0f991e000 ---p 00000000 00:00 0 
7fa0f991e000-7fa0f9a1c000 rw-p 00000000 00:00 0 
7fa0f9a1c000-7fa0f9a1f000 ---p 00000000 00:00 0 
7fa0f9a1f000-7fa0f9b1d000 rw-p 00000000 00:00 0 
7fa0f9b1d000-7fa0f9b20000 ---p 00000000 00:00 0 
7fa0f9b20000-7fa0f9c1e000 rw-p 00000000 00:00 0 
7fa0f9c1e000-7fa0f9c21000 ---p 00000000 00:00 0 
7fa0f9c21000-7fa0f9d1f000 rw-p 00000000 00:00 0 
7fa0f9d1f000-7fa0f9d22000 ---p 00000000 00:00 0 
7fa0f9d22000-7fa0f9e20000 rw-p 00000000 00:00 0 
7fa0f9e20000-7fa0f9e23000 ---p 00000000 00:00 0 
7fa0f9e23000-7fa0f9f21000 rw-p 00000000 00:00 0 
7fa0f9f21000-7fa0fa0b9000 r--p 00000000 08:02 611598                     /usr/lib/locale/locale-archive
7fa0fa0b9000-7fa0fa0bc000 ---p 00000000 00:00 0 
7fa0fa0bc000-7fa0fa1ba000 rw-p 00000000 00:00 0 
7fa0fa1ba000-7fa0fa1bd000 ---p 00000000 00:00 0 
7fa0fa1bd000-7fa0fa2bb000 rw-p 00000000 00:00 0 
7fa0fa2bb000-7fa0fa2bc000 ---p 00000000 00:00 0 
7fa0fa2bc000-7fa0fc000000 rw-p 00000000 00:00 0 
7fa0fc000000-7fa0fc021000 rw-p 00000000 00:00 0 
7fa0fc021000-7fa100000000 ---p 00000000 00:00 0 
7fa100000000-7fa100021000 rw-p 00000000 00:00 0 
7fa100021000-7fa104000000 ---p 00000000 00:00 0 
7fa104000000-7fa104021000 rw-p 00000000 00:00 0 
7fa104021000-7fa108000000 ---p 00000000 00:00 0 
7fa108000000-7fa109000000 rw-p 00000000 00:00 0 
7fa109000000-7fa109b70000 rwxp 00000000 00:00 0 
7fa109b70000-7fa118000000 ---p 00000000 00:00 0 
7fa118000000-7fa118f57000 rw-p 00000000 00:00 0 
7fa118f57000-7fa11c000000 ---p 00000000 00:00 0 
7fa11c000000-7fa11c002000 r--s 00000000 08:02 141560                     /opt/maven/lib/plexus-component-annotations-1.6.jar
7fa11c002000-7fa11c003000 r--s 00006000 08:02 141591                     /opt/maven/lib/maven-repository-metadata-3.3.9.jar
7fa11c003000-7fa11c004000 r--s 00008000 08:02 141561                     /opt/maven/lib/aether-connector-basic-1.0.2.v20150114.jar
7fa11c004000-7fa11c006000 r--s 0000c000 08:02 141582                     /opt/maven/lib/maven-artifact-3.3.9.jar
7fa11c006000-7fa11c007000 r--s 00002000 08:02 141589                     /opt/maven/lib/wagon-file-2.10.jar
7fa11c007000-7fa11c009000 r--s 00005000 08:02 141551                     /opt/maven/lib/aether-transport-wagon-1.0.2.v20150114.jar
7fa11c009000-7fa11c00a000 r--s 00000000 08:02 141583                     /opt/maven/lib/javax.inject-1.jar
7fa11c00a000-7fa11c00e000 r--s 00027000 08:02 141541                     /opt/maven/lib/aether-impl-1.0.2.v20150114.jar
7fa11c00e000-7fa11c00f000 r--s 00002000 08:02 141581                     /opt/maven/lib/slf4j-simple-1.7.5.jar
7fa11c00f000-7fa11c010000 r--s 00001000 08:02 141603                     /opt/maven/lib/jsr250-api-1.0.jar
7fa11c010000-7fa11c013000 r--s 00008000 08:02 141550                     /opt/maven/lib/cdi-api-1.0.jar
7fa11c013000-7fa11c060000 rw-p 00000000 00:00 0 
7fa11c060000-7fa11c22e000 r--s 03bf3000 08:02 571924                     /usr/lib/jvm/java-8-openjdk/jre/lib/rt.jar
7fa11c22e000-7fa11cbff000 rw-p 00000000 00:00 0 
7fa11cbff000-7fa11cc00000 ---p 00000000 00:00 0 
7fa11cc00000-7fa11cd00000 rw-p 00000000 00:00 0 
7fa11cd00000-7fa11cd01000 ---p 00000000 00:00 0 
7fa11cd01000-7fa11ce01000 rw-p 00000000 00:00 0 
7fa11ce01000-7fa11ce02000 ---p 00000000 00:00 0 
7fa11ce02000-7fa11cf02000 rw-p 00000000 00:00 0 
7fa11cf02000-7fa11cf03000 ---p 00000000 00:00 0 
7fa11cf03000-7fa11d003000 rw-p 00000000 00:00 0 
7fa11d003000-7fa11d004000 ---p 00000000 00:00 0 
7fa11d004000-7fa11d104000 rw-p 00000000 00:00 0 
7fa11d104000-7fa11d105000 ---p 00000000 00:00 0 
7fa11d105000-7fa11d205000 rw-p 00000000 00:00 0 
7fa11d205000-7fa11d206000 ---p 00000000 00:00 0 
7fa11d206000-7fa11d306000 rw-p 00000000 00:00 0 
7fa11d306000-7fa11d307000 ---p 00000000 00:00 0 
7fa11d307000-7fa11d443000 rw-p 00000000 00:00 0 
7fa11d443000-7fa11d4b1000 ---p 00000000 00:00 0 
7fa11d4b1000-7fa11d507000 rw-p 00000000 00:00 0 
7fa11d507000-7fa11d536000 rw-p 00000000 00:00 0 
7fa11d536000-7fa11d8c8000 ---p 00000000 00:00 0 
7fa11d8c8000-7fa11d8d0000 r-xp 00000000 08:02 571959                     /usr/lib/jvm/java-8-openjdk/jre/lib/amd64/libzip.so
7fa11d8d0000-7fa11dacf000 ---p 00008000 08:02 571959                     /usr/lib/jvm/java-8-openjdk/jre/lib/amd64/libzip.so
7fa11dacf000-7fa11dad0000 r--p 00007000 08:02 571959                     /usr/lib/jvm/java-8-openjdk/jre/lib/amd64/libzip.so
7fa11dad0000-7fa11dad1000 rw-p 00008000 08:02 571959                     /usr/lib/jvm/java-8-openjdk/jre/lib/amd64/libzip.so
7fa11dad1000-7fa11dadb000 r-xp 00000000 08:02 527601                     /usr/lib/libnss_files-2.24.so
7fa11dadb000-7fa11dcdb000 ---p 0000a000 08:02 527601                     /usr/lib/libnss_files-2.24.so
7fa11dcdb000-7fa11dcdc000 r--p 0000a000 08:02 527601                     /usr/lib/libnss_files-2.24.so
7fa11dcdc000-7fa11dcdd000 rw-p 0000b000 08:02 527601                     /usr/lib/libnss_files-2.24.so
7fa11dcdd000-7fa11dce3000 rw-p 00000000 00:00 0 
7fa11dce3000-7fa11dcee000 r-xp 00000000 08:02 527603                     /usr/lib/libnss_nis-2.24.so
7fa11dcee000-7fa11deed000 ---p 0000b000 08:02 527603                     /usr/lib/libnss_nis-2.24.so
7fa11deed000-7fa11deee000 r--p 0000a000 08:02 527603                     /usr/lib/libnss_nis-2.24.so
7fa11deee000-7fa11deef000 rw-p 0000b000 08:02 527603                     /usr/lib/libnss_nis-2.24.so
7fa11deef000-7fa11df03000 r-xp 00000000 08:02 527607                     /usr/lib/libnsl-2.24.so
7fa11df03000-7fa11e103000 ---p 00014000 08:02 527607                     /usr/lib/libnsl-2.24.so
7fa11e103000-7fa11e104000 r--p 00014000 08:02 527607                     /usr/lib/libnsl-2.24.so
7fa11e104000-7fa11e105000 rw-p 00015000 08:02 527607                     /usr/lib/libnsl-2.24.so
7fa11e105000-7fa11e107000 rw-p 00000000 00:00 0 
7fa11e107000-7fa11e10e000 r-xp 00000000 08:02 527592                     /usr/lib/libnss_compat-2.24.so
7fa11e10e000-7fa11e30d000 ---p 00007000 08:02 527592                     /usr/lib/libnss_compat-2.24.so
7fa11e30d000-7fa11e30e000 r--p 00006000 08:02 527592                     /usr/lib/libnss_compat-2.24.so
7fa11e30e000-7fa11e30f000 rw-p 00007000 08:02 527592                     /usr/lib/libnss_compat-2.24.so
7fa11e30f000-7fa11e33c000 r-xp 00000000 08:02 571949                     /usr/lib/jvm/java-8-openjdk/jre/lib/amd64/libjava.so
7fa11e33c000-7fa11e53b000 ---p 0002d000 08:02 571949                     /usr/lib/jvm/java-8-openjdk/jre/lib/amd64/libjava.so
7fa11e53b000-7fa11e53c000 r--p 0002c000 08:02 571949                     /usr/lib/jvm/java-8-openjdk/jre/lib/amd64/libjava.so
7fa11e53c000-7fa11e53e000 rw-p 0002d000 08:02 571949                     /usr/lib/jvm/java-8-openjdk/jre/lib/amd64/libjava.so
7fa11e53e000-7fa11e54b000 r-xp 00000000 08:02 571950                     /usr/lib/jvm/java-8-openjdk/jre/lib/amd64/libverify.so
7fa11e54b000-7fa11e74a000 ---p 0000d000 08:02 571950                     /usr/lib/jvm/java-8-openjdk/jre/lib/amd64/libverify.so
7fa11e74a000-7fa11e74c000 r--p 0000c000 08:02 571950                     /usr/lib/jvm/java-8-openjdk/jre/lib/amd64/libverify.so
7fa11e74c000-7fa11e74d000 rw-p 0000e000 08:02 571950                     /usr/lib/jvm/java-8-openjdk/jre/lib/amd64/libverify.so
7fa11e74d000-7fa11e754000 r-xp 00000000 08:02 527609                     /usr/lib/librt-2.24.so
7fa11e754000-7fa11e953000 ---p 00007000 08:02 527609                     /usr/lib/librt-2.24.so
7fa11e953000-7fa11e954000 r--p 00006000 08:02 527609                     /usr/lib/librt-2.24.so
7fa11e954000-7fa11e955000 rw-p 00007000 08:02 527609                     /usr/lib/librt-2.24.so
7fa11e955000-7fa11ea58000 r-xp 00000000 08:02 527606                     /usr/lib/libm-2.24.so
7fa11ea58000-7fa11ec57000 ---p 00103000 08:02 527606                     /usr/lib/libm-2.24.so
7fa11ec57000-7fa11ec58000 r--p 00102000 08:02 527606                     /usr/lib/libm-2.24.so
7fa11ec58000-7fa11ec59000 rw-p 00103000 08:02 527606                     /usr/lib/libm-2.24.so
7fa11ec59000-7fa11f884000 r-xp 00000000 08:02 577854                     /usr/lib/jvm/java-8-openjdk/jre/lib/amd64/server/libjvm.so
7fa11f884000-7fa11fa83000 ---p 00c2b000 08:02 577854                     /usr/lib/jvm/java-8-openjdk/jre/lib/amd64/server/libjvm.so
7fa11fa83000-7fa11fb17000 r--p 00c2a000 08:02 577854                     /usr/lib/jvm/java-8-openjdk/jre/lib/amd64/server/libjvm.so
7fa11fb17000-7fa11fb40000 rw-p 00cbe000 08:02 577854                     /usr/lib/jvm/java-8-openjdk/jre/lib/amd64/server/libjvm.so
7fa11fb40000-7fa11fb70000 rw-p 00000000 00:00 0 
7fa11fb70000-7fa11fd05000 r-xp 00000000 08:02 527504                     /usr/lib/libc-2.24.so
7fa11fd05000-7fa11ff04000 ---p 00195000 08:02 527504                     /usr/lib/libc-2.24.so
7fa11ff04000-7fa11ff08000 r--p 00194000 08:02 527504                     /usr/lib/libc-2.24.so
7fa11ff08000-7fa11ff0a000 rw-p 00198000 08:02 527504                     /usr/lib/libc-2.24.so
7fa11ff0a000-7fa11ff0e000 rw-p 00000000 00:00 0 
7fa11ff0e000-7fa11ff10000 r-xp 00000000 08:02 527605                     /usr/lib/libdl-2.24.so
7fa11ff10000-7fa120110000 ---p 00002000 08:02 527605                     /usr/lib/libdl-2.24.so
7fa120110000-7fa120111000 r--p 00002000 08:02 527605                     /usr/lib/libdl-2.24.so
7fa120111000-7fa120112000 rw-p 00003000 08:02 527605                     /usr/lib/libdl-2.24.so
7fa120112000-7fa12011f000 r-xp 00000000 08:02 577853                     /usr/lib/jvm/java-8-openjdk/jre/lib/amd64/jli/libjli.so
7fa12011f000-7fa12031e000 ---p 0000d000 08:02 577853                     /usr/lib/jvm/java-8-openjdk/jre/lib/amd64/jli/libjli.so
7fa12031e000-7fa12031f000 r--p 0000c000 08:02 577853                     /usr/lib/jvm/java-8-openjdk/jre/lib/amd64/jli/libjli.so
7fa12031f000-7fa120320000 rw-p 0000d000 08:02 577853                     /usr/lib/jvm/java-8-openjdk/jre/lib/amd64/jli/libjli.so
7fa120320000-7fa120336000 r-xp 00000000 08:02 530795                     /usr/lib/libz.so.1.2.11
7fa120336000-7fa120535000 ---p 00016000 08:02 530795                     /usr/lib/libz.so.1.2.11
7fa120535000-7fa120536000 r--p 00015000 08:02 530795                     /usr/lib/libz.so.1.2.11
7fa120536000-7fa120537000 rw-p 00016000 08:02 530795                     /usr/lib/libz.so.1.2.11
7fa120537000-7fa12054f000 r-xp 00000000 08:02 527476                     /usr/lib/libpthread-2.24.so
7fa12054f000-7fa12074e000 ---p 00018000 08:02 527476                     /usr/lib/libpthread-2.24.so
7fa12074e000-7fa12074f000 r--p 00017000 08:02 527476                     /usr/lib/libpthread-2.24.so
7fa12074f000-7fa120750000 rw-p 00018000 08:02 527476                     /usr/lib/libpthread-2.24.so
7fa120750000-7fa120754000 rw-p 00000000 00:00 0 
7fa120754000-7fa120777000 r-xp 00000000 08:02 527503                     /usr/lib/ld-2.24.so
7fa120777000-7fa120779000 r--s 00005000 08:02 141532                     /opt/maven/lib/slf4j-api-1.7.5.jar
7fa120779000-7fa12077d000 r--s 00027000 08:02 141584                     /opt/maven/lib/commons-io-2.2.jar
7fa12077d000-7fa120782000 r--s 00041000 08:02 141579                     /opt/maven/lib/commons-lang-2.6.jar
7fa120782000-7fa120788000 r--s 00041000 08:02 141546                     /opt/maven/lib/maven-compat-3.3.9.jar
7fa120788000-7fa1207c4000 rw-p 00000000 00:00 0 
7fa1207c4000-7fa120833000 ---p 00000000 00:00 0 
7fa120833000-7fa120836000 ---p 00000000 00:00 0 
7fa120836000-7fa120936000 rw-p 00000000 00:00 0 
7fa120936000-7fa120938000 r--s 0000b000 08:02 141525                     /opt/maven/boot/plexus-classworlds-2.5.2.jar
7fa120938000-7fa12096a000 rw-p 00000000 00:00 0 
7fa12096a000-7fa120972000 rw-s 00000000 00:26 10230274                   /tmp/hsperfdata_bold/10790
7fa120972000-7fa120973000 rw-p 00000000 00:00 0 
7fa120973000-7fa120974000 r--p 00000000 00:00 0 
7fa120974000-7fa120976000 rw-p 00000000 00:00 0 
7fa120976000-7fa120977000 r--p 00022000 08:02 527503                     /usr/lib/ld-2.24.so
7fa120977000-7fa120978000 rw-p 00023000 08:02 527503                     /usr/lib/ld-2.24.so
7fa120978000-7fa120979000 rw-p 00000000 00:00 0 
7ffe7034f000-7ffe70370000 rw-p 00000000 00:00 0                          [stack]
7ffe703d9000-7ffe703db000 r--p 00000000 00:00 0                          [vvar]
7ffe703db000-7ffe703dd000 r-xp 00000000 00:00 0                          [vdso]
ffffffffff600000-ffffffffff601000 r-xp 00000000 00:00 0                  [vsyscall]

VM Arguments:
jvm_args: -Xmx512m -Dclassworlds.conf=/opt/maven/bin/m2.conf -Dmaven.home=/opt/maven -Dmaven.multiModuleProjectDirectory=/home/bold/IdeaProjects/rLite 
java_command: org.codehaus.plexus.classworlds.launcher.Launcher install -DskipTests
java_class_path (initial): /opt/maven/boot/plexus-classworlds-2.5.2.jar
Launcher Type: SUN_STANDARD

Environment Variables:
JAVA_HOME=/usr/lib/jvm/java-8-openjdk
PATH=/usr/local/sbin:/usr/local/bin:/usr/bin:/opt/android-sdk/platform-tools:/usr/lib/jvm/default/bin:/usr/bin/site_perl:/usr/bin/vendor_perl:/usr/bin/core_perl
SHELL=/bin/bash
DISPLAY=:0

Signal Handlers:
SIGSEGV: [libjvm.so+0xa2d580], sa_mask[0]=11111111011111111101111111111110, sa_flags=SA_RESTART|SA_SIGINFO
SIGBUS: [libjvm.so+0xa2d580], sa_mask[0]=11111111011111111101111111111110, sa_flags=SA_RESTART|SA_SIGINFO
SIGFPE: [libjvm.so+0x881ab0], sa_mask[0]=11111111011111111101111111111110, sa_flags=SA_RESTART|SA_SIGINFO
SIGPIPE: [libjvm.so+0x881ab0], sa_mask[0]=11111111011111111101111111111110, sa_flags=SA_RESTART|SA_SIGINFO
SIGXFSZ: [libjvm.so+0x881ab0], sa_mask[0]=11111111011111111101111111111110, sa_flags=SA_RESTART|SA_SIGINFO
SIGILL: [libjvm.so+0x881ab0], sa_mask[0]=11111111011111111101111111111110, sa_flags=SA_RESTART|SA_SIGINFO
SIGUSR1: SIG_DFL, sa_mask[0]=00000000000000000000000000000000, sa_flags=none
SIGUSR2: [libjvm.so+0x881980], sa_mask[0]=00000000000000000000000000000000, sa_flags=SA_RESTART|SA_SIGINFO
SIGHUP: [libjvm.so+0x881df0], sa_mask[0]=11111111011111111101111111111110, sa_flags=SA_RESTART|SA_SIGINFO
SIGINT: [libjvm.so+0x881df0], sa_mask[0]=11111111011111111101111111111110, sa_flags=SA_RESTART|SA_SIGINFO
SIGTERM: [libjvm.so+0x881df0], sa_mask[0]=11111111011111111101111111111110, sa_flags=SA_RESTART|SA_SIGINFO
SIGQUIT: [libjvm.so+0x881df0], sa_mask[0]=11111111011111111101111111111110, sa_flags=SA_RESTART|SA_SIGINFO


---------------  S Y S T E M  ---------------

OS:NAME="Arch Linux"
PRETTY_NAME="Arch Linux"
ID=arch
ID_LIKE=archlinux
ANSI_COLOR="0;36"
HOME_URL="https://www.archlinux.org/"
SUPPORT_URL="https://bbs.archlinux.org/"
BUG_REPORT_URL="https://bugs.archlinux.org/"


uname:Linux 4.8.13-1-ARCH #1 SMP PREEMPT Fri Dec 9 07:24:34 CET 2016 x86_64
libc:glibc 2.24 NPTL 2.24 
rlimit: STACK 8192k, CORE infinity, NPROC 63001, NOFILE 4096, AS infinity
load average:1.65 1.84 2.60

/proc/meminfo:
MemTotal:       16386844 kB
MemFree:          574156 kB
MemAvailable:   12114168 kB
Buffers:         3930212 kB
Cached:          7650156 kB
SwapCached:            0 kB
Active:          5682964 kB
Inactive:        9323952 kB
Active(anon):    3015340 kB
Inactive(anon):   575596 kB
Active(file):    2667624 kB
Inactive(file):  8748356 kB
Unevictable:           0 kB
Mlocked:               0 kB
SwapTotal:       4194300 kB
SwapFree:        4194300 kB
Dirty:             14592 kB
Writeback:             0 kB
AnonPages:       3415344 kB
Mapped:           644128 kB
Shmem:            164360 kB
Slab:             559236 kB
SReclaimable:     460244 kB
SUnreclaim:        98992 kB
KernelStack:       10624 kB
PageTables:        43960 kB
NFS_Unstable:          0 kB
Bounce:                0 kB
WritebackTmp:          0 kB
CommitLimit:    12387720 kB
Committed_AS:    8272376 kB
VmallocTotal:   34359738367 kB
VmallocUsed:           0 kB
VmallocChunk:          0 kB
HardwareCorrupted:     0 kB
AnonHugePages:   1304576 kB
ShmemHugePages:        0 kB
ShmemPmdMapped:        0 kB
HugePages_Total:       0
HugePages_Free:        0
HugePages_Rsvd:        0
HugePages_Surp:        0
Hugepagesize:       2048 kB
DirectMap4k:     4117776 kB
DirectMap2M:    12609536 kB
DirectMap1G:     1048576 kB


CPU:total 8 (4 cores per cpu, 2 threads per core) family 6 model 60 stepping 3, cmov, cx8, fxsr, mmx, sse, sse2, sse3, ssse3, sse4.1, sse4.2, popcnt, avx, avx2, aes, clmul, erms, lzcnt, ht, tsc, tscinvbit, bmi1, bmi2

/proc/cpuinfo:
processor	: 0
vendor_id	: GenuineIntel
cpu family	: 6
model		: 60
model name	: Intel(R) Core(TM) i7-4790K CPU @ 4.00GHz
stepping	: 3
microcode	: 0x20
cpu MHz		: 4199.951
cache size	: 8192 KB
physical id	: 0
siblings	: 8
core id		: 0
cpu cores	: 4
apicid		: 0
initial apicid	: 0
fpu		: yes
fpu_exception	: yes
cpuid level	: 13
wp		: yes
flags		: fpu vme de pse tsc msr pae mce cx8 apic sep mtrr pge mca cmov pat pse36 clflush dts acpi mmx fxsr sse sse2 ss ht tm pbe syscall nx pdpe1gb rdtscp lm constant_tsc arch_perfmon pebs bts rep_good nopl xtopology nonstop_tsc aperfmperf eagerfpu pni pclmulqdq dtes64 monitor ds_cpl vmx est tm2 ssse3 sdbg fma cx16 xtpr pdcm pcid sse4_1 sse4_2 x2apic movbe popcnt tsc_deadline_timer aes xsave avx f16c rdrand lahf_lm abm tpr_shadow vnmi flexpriority ept vpid fsgsbase tsc_adjust bmi1 avx2 smep bmi2 erms invpcid xsaveopt dtherm ida arat pln pts
bugs		:
bogomips	: 8001.14
clflush size	: 64
cache_alignment	: 64
address sizes	: 39 bits physical, 48 bits virtual
power management:

processor	: 1
vendor_id	: GenuineIntel
cpu family	: 6
model		: 60
model name	: Intel(R) Core(TM) i7-4790K CPU @ 4.00GHz
stepping	: 3
microcode	: 0x20
cpu MHz		: 4199.951
cache size	: 8192 KB
physical id	: 0
siblings	: 8
core id		: 1
cpu cores	: 4
apicid		: 2
initial apicid	: 2
fpu		: yes
fpu_exception	: yes
cpuid level	: 13
wp		: yes
flags		: fpu vme de pse tsc msr pae mce cx8 apic sep mtrr pge mca cmov pat pse36 clflush dts acpi mmx fxsr sse sse2 ss ht tm pbe syscall nx pdpe1gb rdtscp lm constant_tsc arch_perfmon pebs bts rep_good nopl xtopology nonstop_tsc aperfmperf eagerfpu pni pclmulqdq dtes64 monitor ds_cpl vmx est tm2 ssse3 sdbg fma cx16 xtpr pdcm pcid sse4_1 sse4_2 x2apic movbe popcnt tsc_deadline_timer aes xsave avx f16c rdrand lahf_lm abm tpr_shadow vnmi flexpriority ept vpid fsgsbase tsc_adjust bmi1 avx2 smep bmi2 erms invpcid xsaveopt dtherm ida arat pln pts
bugs		:
bogomips	: 8002.34
clflush size	: 64
cache_alignment	: 64
address sizes	: 39 bits physical, 48 bits virtual
power management:

processor	: 2
vendor_id	: GenuineIntel
cpu family	: 6
model		: 60
model name	: Intel(R) Core(TM) i7-4790K CPU @ 4.00GHz
stepping	: 3
microcode	: 0x20
cpu MHz		: 4199.951
cache size	: 8192 KB
physical id	: 0
siblings	: 8
core id		: 2
cpu cores	: 4
apicid		: 4
initial apicid	: 4
fpu		: yes
fpu_exception	: yes
cpuid level	: 13
wp		: yes
flags		: fpu vme de pse tsc msr pae mce cx8 apic sep mtrr pge mca cmov pat pse36 clflush dts acpi mmx fxsr sse sse2 ss ht tm pbe syscall nx pdpe1gb rdtscp lm constant_tsc arch_perfmon pebs bts rep_good nopl xtopology nonstop_tsc aperfmperf eagerfpu pni pclmulqdq dtes64 monitor ds_cpl vmx est tm2 ssse3 sdbg fma cx16 xtpr pdcm pcid sse4_1 sse4_2 x2apic movbe popcnt tsc_deadline_timer aes xsave avx f16c rdrand lahf_lm abm tpr_shadow vnmi flexpriority ept vpid fsgsbase tsc_adjust bmi1 avx2 smep bmi2 erms invpcid xsaveopt dtherm ida arat pln pts
bugs		:
bogomips	: 8002.40
clflush size	: 64
cache_alignment	: 64
address sizes	: 39 bits physical, 48 bits virtual
power management:

processor	: 3
vendor_id	: GenuineIntel
cpu family	: 6
model		: 60
model name	: Intel(R) Core(TM) i7-4790K CPU @ 4.00GHz
stepping	: 3
microcode	: 0x20
cpu MHz		: 4199.951
cache size	: 8192 KB
physical id	: 0
siblings	: 8
core id		: 3
cpu cores	: 4
apicid		: 6
initial apicid	: 6
fpu		: yes
fpu_exception	: yes
cpuid level	: 13
wp		: yes
flags		: fpu vme de pse tsc msr pae mce cx8 apic sep mtrr pge mca cmov pat pse36 clflush dts acpi mmx fxsr sse sse2 ss ht tm pbe syscall nx pdpe1gb rdtscp lm constant_tsc arch_perfmon pebs bts rep_good nopl xtopology nonstop_tsc aperfmperf eagerfpu pni pclmulqdq dtes64 monitor ds_cpl vmx est tm2 ssse3 sdbg fma cx16 xtpr pdcm pcid sse4_1 sse4_2 x2apic movbe popcnt tsc_deadline_timer aes xsave avx f16c rdrand lahf_lm abm tpr_shadow vnmi flexpriority ept vpid fsgsbase tsc_adjust bmi1 avx2 smep bmi2 erms invpcid xsaveopt dtherm ida arat pln pts
bugs		:
bogomips	: 8002.38
clflush size	: 64
cache_alignment	: 64
address sizes	: 39 bits physical, 48 bits virtual
power management:

processor	: 4
vendor_id	: GenuineIntel
cpu family	: 6
model		: 60
model name	: Intel(R) Core(TM) i7-4790K CPU @ 4.00GHz
stepping	: 3
microcode	: 0x20
cpu MHz		: 4199.951
cache size	: 8192 KB
physical id	: 0
siblings	: 8
core id		: 0
cpu cores	: 4
apicid		: 1
initial apicid	: 1
fpu		: yes
fpu_exception	: yes
cpuid level	: 13
wp		: yes
flags		: fpu vme de pse tsc msr pae mce cx8 apic sep mtrr pge mca cmov pat pse36 clflush dts acpi mmx fxsr sse sse2 ss ht tm pbe syscall nx pdpe1gb rdtscp lm constant_tsc arch_perfmon pebs bts rep_good nopl xtopology nonstop_tsc aperfmperf eagerfpu pni pclmulqdq dtes64 monitor ds_cpl vmx est tm2 ssse3 sdbg fma cx16 xtpr pdcm pcid sse4_1 sse4_2 x2apic movbe popcnt tsc_deadline_timer aes xsave avx f16c rdrand lahf_lm abm tpr_shadow vnmi flexpriority ept vpid fsgsbase tsc_adjust bmi1 avx2 smep bmi2 erms invpcid xsaveopt dtherm ida arat pln pts
bugs		:
bogomips	: 8002.06
clflush size	: 64
cache_alignment	: 64
address sizes	: 39 bits physical, 48 bits virtual
power management:

processor	: 5
vendor_id	: GenuineIntel
cpu family	: 6
model		: 60
model name	: Intel(R) Core(TM) i7-4790K CPU @ 4.00GHz
stepping	: 3
microcode	: 0x20
cpu MHz		: 4199.951
cache size	: 8192 KB
physical id	: 0
siblings	: 8
core id		: 1
cpu cores	: 4
apicid		: 3
initial apicid	: 3
fpu		: yes
fpu_exception	: yes
cpuid level	: 13
wp		: yes
flags		: fpu vme de pse tsc msr pae mce cx8 apic sep mtrr pge mca cmov pat pse36 clflush dts acpi mmx fxsr sse sse2 ss ht tm pbe syscall nx pdpe1gb rdtscp lm constant_tsc arch_perfmon pebs bts rep_good nopl xtopology nonstop_tsc aperfmperf eagerfpu pni pclmulqdq dtes64 monitor ds_cpl vmx est tm2 ssse3 sdbg fma cx16 xtpr pdcm pcid sse4_1 sse4_2 x2apic movbe popcnt tsc_deadline_timer aes xsave avx f16c rdrand lahf_lm abm tpr_shadow vnmi flexpriority ept vpid fsgsbase tsc_adjust bmi1 avx2 smep bmi2 erms invpcid xsaveopt dtherm ida arat pln pts
bugs		:
bogomips	: 8002.48
clflush size	: 64
cache_alignment	: 64
address sizes	: 39 bits physical, 48 bits virtual
power management:

processor	: 6
vendor_id	: GenuineIntel
cpu family	: 6
model		: 60
model name	: Intel(R) Core(TM) i7-4790K CPU @ 4.00GHz
stepping	: 3
microcode	: 0x20
cpu MHz		: 4199.951
cache size	: 8192 KB
physical id	: 0
siblings	: 8
core id		: 2
cpu cores	: 4
apicid		: 5
initial apicid	: 5
fpu		: yes
fpu_exception	: yes
cpuid level	: 13
wp		: yes
flags		: fpu vme de pse tsc msr pae mce cx8 apic sep mtrr pge mca cmov pat pse36 clflush dts acpi mmx fxsr sse sse2 ss ht tm pbe syscall nx pdpe1gb rdtscp lm constant_tsc arch_perfmon pebs bts rep_good nopl xtopology nonstop_tsc aperfmperf eagerfpu pni pclmulqdq dtes64 monitor ds_cpl vmx est tm2 ssse3 sdbg fma cx16 xtpr pdcm pcid sse4_1 sse4_2 x2apic movbe popcnt tsc_deadline_timer aes xsave avx f16c rdrand lahf_lm abm tpr_shadow vnmi flexpriority ept vpid fsgsbase tsc_adjust bmi1 avx2 smep bmi2 erms invpcid xsaveopt dtherm ida arat pln pts
bugs		:
bogomips	: 8002.47
clflush size	: 64
cache_alignment	: 64
address sizes	: 39 bits physical, 48 bits virtual
power management:

processor	: 7
vendor_id	: GenuineIntel
cpu family	: 6
model		: 60
model name	: Intel(R) Core(TM) i7-4790K CPU @ 4.00GHz
stepping	: 3
microcode	: 0x20
cpu MHz		: 4199.951
cache size	: 8192 KB
physical id	: 0
siblings	: 8
core id		: 3
cpu cores	: 4
apicid		: 7
initial apicid	: 7
fpu		: yes
fpu_exception	: yes
cpuid level	: 13
wp		: yes
flags		: fpu vme de pse tsc msr pae mce cx8 apic sep mtrr pge mca cmov pat pse36 clflush dts acpi mmx fxsr sse sse2 ss ht tm pbe syscall nx pdpe1gb rdtscp lm constant_tsc arch_perfmon pebs bts rep_good nopl xtopology nonstop_tsc aperfmperf eagerfpu pni pclmulqdq dtes64 monitor ds_cpl vmx est tm2 ssse3 sdbg fma cx16 xtpr pdcm pcid sse4_1 sse4_2 x2apic movbe popcnt tsc_deadline_timer aes xsave avx f16c rdrand lahf_lm abm tpr_shadow vnmi flexpriority ept vpid fsgsbase tsc_adjust bmi1 avx2 smep bmi2 erms invpcid xsaveopt dtherm ida arat pln pts
bugs		:
bogomips	: 8002.48
clflush size	: 64
cache_alignment	: 64
address sizes	: 39 bits physical, 48 bits virtual
power management:



Memory: 4k page, physical 16386844k(574156k free), swap 4194300k(4194300k free)

vm_info: OpenJDK 64-Bit Server VM (25.112-b15) for linux-amd64 JRE (1.8.0_112-b15), built on Oct 23 2016 10:14:19 by "builduser" with gcc 6.2.1 20160830

time: Sat Jan 21 19:32:44 2017
elapsed time: 2 seconds (0d 0h 0m 2s)

